SF:lib/application/auth/sign_in_form/bloc/sign_in_form_bloc.freezed.dart
DA:10,0
DA:14,0
DA:17,0
DA:18,0
DA:24,0
DA:25,0
DA:31,0
DA:81,0
DA:100,0
DA:102,0
DA:104,0
DA:105,0
DA:107,0
DA:111,0
DA:112,0
DA:119,0
DA:124,0
DA:126,0
DA:129,0
DA:132,0
DA:133,0
DA:134,0
DA:137,0
DA:139,0
DA:141,0
DA:144,0
DA:146,0
DA:153,0
DA:154,0
DA:155,0
DA:156,0
DA:159,0
DA:167,0
DA:169,0
DA:171,0
DA:174,0
DA:182,0
DA:183,0
DA:184,0
DA:185,0
DA:188,0
DA:196,0
DA:198,0
DA:200,0
DA:224,0
DA:226,0
DA:228,0
DA:229,0
DA:231,0
DA:235,0
DA:236,0
DA:243,0
DA:248,0
DA:250,0
DA:253,0
DA:256,0
DA:257,0
DA:259,0
DA:262,0
DA:264,0
DA:266,0
DA:269,0
DA:271,0
DA:278,0
DA:279,0
DA:280,0
DA:281,0
DA:284,0
DA:292,0
DA:294,0
DA:296,0
DA:299,0
DA:307,0
DA:308,0
DA:309,0
DA:310,0
DA:313,0
DA:321,0
DA:323,0
DA:325,0
DA:348,0
DA:350,0
DA:352,0
DA:354,0
DA:359,0
DA:361,0
DA:366,0
DA:368,0
DA:371,0
DA:372,0
DA:374,0
DA:381,0
DA:382,0
DA:383,0
DA:384,0
DA:387,0
DA:395,0
DA:397,0
DA:399,0
DA:402,0
DA:410,0
DA:411,0
DA:412,0
DA:413,0
DA:416,0
DA:424,0
DA:426,0
DA:428,0
DA:438,0
DA:441,0
DA:447,0
DA:491,0
DA:497,0
DA:505,0
DA:506,0
DA:507,0
DA:509,0
DA:510,0
DA:511,0
DA:514,0
DA:515,0
DA:516,0
DA:521,0
DA:523,0
DA:526,0
DA:527,0
DA:528,0
DA:555,0
DA:557,0
DA:559,0
DA:560,0
DA:562,0
DA:570,0
DA:571,0
DA:572,0
DA:574,0
DA:575,0
DA:576,0
DA:579,0
DA:580,0
DA:581,0
DA:589,0
DA:595,0
DA:596,0
DA:597,0
DA:598,0
DA:599,0
DA:612,0
DA:614,0
DA:617,0
DA:620,0
DA:621,0
DA:623,0
DA:624,0
DA:626,0
DA:627,0
DA:629,0
DA:630,0
DA:632,0
DA:633,0
DA:635,0
DA:638,0
DA:640,0
DA:641,0
DA:642,0
DA:643,0
DA:644,0
DA:645,0
DA:647,0
DA:650,0
LF:170
LH:0
end_of_record
SF:lib/application/auth/sign_in_form/bloc/sign_in_form_bloc.dart
DA:19,0
DA:22,0
DA:25,0
DA:26,0
DA:27,0
DA:28,0
DA:29,0
DA:32,0
DA:33,0
DA:34,0
DA:35,0
DA:38,0
DA:39,0
DA:40,0
DA:41,0
DA:42,0
DA:45,0
DA:47,0
DA:52,0
DA:54,0
DA:57,0
DA:59,0
LF:22
LH:0
end_of_record
SF:lib/application/auth/sign_in_form/bloc/sign_in_form_state.dart
DA:13,0
DA:18,0
LF:2
LH:0
end_of_record
SF:lib/pages/start/start_page.dart
DA:5,0
DA:8,0
DA:9,0
DA:10,0
DA:13,0
DA:15,0
DA:16,0
DA:17,0
DA:18,0
DA:19,0
DA:20,0
DA:21,0
DA:22,0
DA:25,0
DA:27,0
DA:28,0
DA:31,0
DA:34,0
DA:36,0
DA:38,0
DA:40,0
DA:46,0
DA:47,0
DA:49,0
DA:50,0
DA:52,0
DA:53,0
DA:54,0
DA:55,0
DA:56,0
DA:59,0
DA:63,0
DA:65,0
DA:71,0
DA:74,0
DA:76,0
DA:77,0
DA:79,0
DA:81,0
DA:85,0
DA:87,0
DA:89,0
DA:94,0
LF:43
LH:0
end_of_record
SF:lib/domain/core/value_validators.dart
DA:1,0
DA:4,0
DA:11,0
DA:12,0
LF:4
LH:0
end_of_record
SF:lib/infrastructure/auth/auth_failure_or_success.freezed.dart
DA:10,0
DA:14,0
DA:17,0
DA:22,0
DA:27,0
DA:32,0
DA:37,0
DA:94,0
DA:110,0
DA:111,0
DA:113,0
DA:114,0
DA:119,0
DA:121,0
DA:126,0
DA:128,0
DA:131,0
DA:132,0
DA:134,0
DA:143,0
DA:144,0
DA:145,0
DA:146,0
DA:147,0
DA:148,0
DA:151,0
DA:161,0
DA:163,0
DA:165,0
DA:168,0
DA:177,0
DA:178,0
DA:179,0
DA:180,0
DA:181,0
DA:182,0
DA:185,0
DA:195,0
DA:197,0
DA:199,0
DA:217,0
DA:218,0
DA:220,0
DA:221,0
DA:226,0
DA:228,0
DA:233,0
DA:235,0
DA:238,0
DA:239,0
DA:241,0
DA:250,0
DA:251,0
DA:252,0
DA:253,0
DA:254,0
DA:255,0
DA:258,0
DA:268,0
DA:270,0
DA:272,0
DA:275,0
DA:284,0
DA:285,0
DA:286,0
DA:287,0
DA:288,0
DA:289,0
DA:292,0
DA:302,0
DA:304,0
DA:306,0
DA:325,0
DA:327,0
DA:329,0
DA:330,0
DA:335,0
DA:337,0
DA:342,0
DA:344,0
DA:347,0
DA:348,0
DA:350,0
DA:359,0
DA:360,0
DA:361,0
DA:362,0
DA:363,0
DA:364,0
DA:367,0
DA:377,0
DA:379,0
DA:381,0
DA:384,0
DA:393,0
DA:394,0
DA:395,0
DA:396,0
DA:397,0
DA:398,0
DA:401,0
DA:411,0
DA:413,0
DA:415,0
DA:434,0
DA:436,0
DA:438,0
DA:439,0
DA:444,0
DA:446,0
DA:451,0
DA:453,0
DA:456,0
DA:457,0
DA:459,0
DA:468,0
DA:469,0
DA:470,0
DA:471,0
DA:472,0
DA:473,0
DA:476,0
DA:486,0
DA:488,0
DA:490,0
DA:493,0
DA:502,0
DA:503,0
DA:504,0
DA:505,0
DA:506,0
DA:507,0
DA:510,0
DA:520,0
DA:522,0
DA:524,0
DA:543,0
DA:545,0
DA:547,0
DA:548,0
DA:553,0
DA:555,0
DA:560,0
DA:562,0
DA:565,0
DA:566,0
DA:568,0
DA:577,0
DA:578,0
DA:579,0
DA:580,0
DA:581,0
DA:582,0
DA:585,0
DA:595,0
DA:597,0
DA:599,0
DA:602,0
DA:611,0
DA:612,0
DA:613,0
DA:614,0
DA:615,0
DA:616,0
DA:619,0
DA:629,0
DA:631,0
DA:633,0
LF:168
LH:0
end_of_record
SF:lib/application/auth/sign_up_form/bloc/sign_up_bloc_bloc.freezed.dart
DA:10,0
DA:14,0
DA:17,0
DA:18,0
DA:24,0
DA:25,0
DA:31,0
DA:82,0
DA:101,0
DA:103,0
DA:105,0
DA:106,0
DA:108,0
DA:112,0
DA:113,0
DA:120,0
DA:125,0
DA:127,0
DA:130,0
DA:133,0
DA:134,0
DA:135,0
DA:138,0
DA:140,0
DA:142,0
DA:145,0
DA:147,0
DA:154,0
DA:155,0
DA:156,0
DA:157,0
DA:160,0
DA:168,0
DA:170,0
DA:172,0
DA:175,0
DA:184,0
DA:185,0
DA:186,0
DA:187,0
DA:190,0
DA:198,0
DA:200,0
DA:202,0
DA:226,0
DA:228,0
DA:230,0
DA:231,0
DA:233,0
DA:237,0
DA:238,0
DA:245,0
DA:250,0
DA:252,0
DA:255,0
DA:258,0
DA:259,0
DA:261,0
DA:264,0
DA:266,0
DA:268,0
DA:271,0
DA:273,0
DA:280,0
DA:281,0
DA:282,0
DA:283,0
DA:286,0
DA:294,0
DA:296,0
DA:298,0
DA:301,0
DA:310,0
DA:311,0
DA:312,0
DA:313,0
DA:316,0
DA:324,0
DA:326,0
DA:328,0
DA:352,0
DA:355,0
DA:357,0
DA:359,0
DA:365,0
DA:367,0
DA:372,0
DA:374,0
DA:377,0
DA:378,0
DA:380,0
DA:387,0
DA:388,0
DA:389,0
DA:390,0
DA:393,0
DA:401,0
DA:403,0
DA:405,0
DA:408,0
DA:417,0
DA:418,0
DA:419,0
DA:420,0
DA:423,0
DA:431,0
DA:433,0
DA:435,0
DA:446,0
DA:449,0
DA:455,0
DA:499,0
DA:505,0
DA:513,0
DA:514,0
DA:515,0
DA:517,0
DA:518,0
DA:519,0
DA:522,0
DA:523,0
DA:524,0
DA:529,0
DA:531,0
DA:534,0
DA:535,0
DA:536,0
DA:563,0
DA:565,0
DA:567,0
DA:568,0
DA:570,0
DA:578,0
DA:579,0
DA:580,0
DA:582,0
DA:583,0
DA:584,0
DA:587,0
DA:588,0
DA:589,0
DA:597,0
DA:603,0
DA:604,0
DA:605,0
DA:606,0
DA:607,0
DA:620,0
DA:622,0
DA:625,0
DA:628,0
DA:629,0
DA:631,0
DA:632,0
DA:634,0
DA:635,0
DA:637,0
DA:638,0
DA:640,0
DA:641,0
DA:643,0
DA:646,0
DA:648,0
DA:649,0
DA:650,0
DA:651,0
DA:652,0
DA:653,0
DA:655,0
DA:658,0
LF:170
LH:0
end_of_record
SF:lib/application/auth/sign_up_form/bloc/sign_up_bloc_state.dart
DA:13,0
DA:18,0
LF:2
LH:0
end_of_record
SF:lib/application/auth/sign_up_form/bloc/sign_up_bloc_bloc.dart
DA:17,0
DA:20,0
DA:23,0
DA:24,0
DA:25,0
DA:26,0
DA:27,0
DA:30,0
DA:31,0
DA:32,0
DA:33,0
DA:36,0
DA:37,0
DA:38,0
DA:40,0
DA:41,0
DA:44,0
DA:46,0
DA:51,0
DA:53,0
DA:56,0
DA:58,0
LF:22
LH:0
end_of_record
SF:lib/domain/auth/firebase_auth_result.dart
DA:6,0
LF:1
LH:0
end_of_record
SF:lib/infrastructure/auth/firebase_auth_facade.dart
DA:12,0
DA:15,0
DA:20,0
DA:24,0
DA:26,0
DA:29,0
DA:30,0
DA:32,0
DA:35,0
DA:37,0
DA:44,0
DA:49,0
DA:50,0
DA:54,0
DA:56,0
DA:59,0
DA:60,0
DA:62,0
DA:65,0
DA:67,0
LF:20
LH:0
end_of_record
SF:lib/infrastructure/core/firebase_injectable_module.dart
DA:6,0
DA:7,0
LF:2
LH:0
end_of_record
SF:lib/injection.config.dart
DA:20,0
DA:22,0
DA:23,0
DA:24,0
DA:25,0
DA:26,0
DA:27,0
DA:28,0
DA:29,0
DA:30,0
DA:31,0
LF:11
LH:0
end_of_record
SF:lib/injection.dart
DA:5,0
DA:7,0
DA:12,0
LF:3
LH:0
end_of_record
SF:lib/pages/register/sign_up.dart
DA:10,0
DA:12,0
DA:14,0
DA:15,0
DA:17,0
DA:19,0
DA:24,0
DA:25,0
DA:26,0
DA:28,0
DA:29,0
DA:31,0
DA:32,0
DA:33,0
DA:34,0
DA:37,0
DA:38,0
DA:40,0
DA:41,0
DA:42,0
LF:20
LH:0
end_of_record
SF:lib/pages/register/widgets/sign_up_form.dart
DA:9,0
DA:11,0
DA:12,0
DA:16,0
DA:18,0
DA:19,0
DA:20,0
DA:21,0
DA:23,0
DA:25,0
DA:28,0
DA:29,0
DA:30,0
DA:32,0
DA:34,0
DA:37,0
DA:38,0
DA:39,0
DA:41,0
DA:43,0
DA:46,0
DA:47,0
DA:48,0
DA:50,0
DA:52,0
DA:57,0
DA:58,0
DA:59,0
DA:65,0
DA:66,0
DA:67,0
DA:68,0
DA:69,0
DA:72,0
DA:74,0
DA:76,0
DA:77,0
DA:79,0
DA:80,0
DA:85,0
DA:86,0
DA:87,0
DA:89,0
DA:90,0
DA:91,0
DA:92,0
DA:96,0
DA:98,0
DA:99,0
DA:105,0
DA:106,0
DA:107,0
DA:109,0
DA:110,0
DA:114,0
DA:116,0
DA:117,0
DA:118,0
DA:120,0
DA:121,0
DA:123,0
DA:128,0
DA:129,0
DA:130,0
DA:131,0
DA:135,0
DA:138,0
DA:140,0
DA:141,0
DA:143,0
DA:148,0
DA:151,0
DA:152,0
DA:153,0
DA:155,0
DA:157,0
DA:158,0
DA:172,0
DA:173,0
LF:79
LH:0
end_of_record
SF:lib/pages/sign_in/sign_in_page.dart
DA:8,0
DA:10,0
DA:12,0
DA:13,0
DA:15,0
DA:17,0
DA:22,0
DA:23,0
DA:24,0
DA:26,0
DA:27,0
DA:29,0
DA:30,0
DA:31,0
DA:32,0
DA:35,0
DA:36,0
DA:38,0
DA:39,0
DA:40,0
LF:20
LH:0
end_of_record
SF:lib/pages/sign_in/widgets/sign_in_form.dart
DA:11,0
DA:13,0
DA:14,0
DA:15,0
DA:16,0
DA:18,0
DA:20,0
DA:23,0
DA:24,0
DA:25,0
DA:27,0
DA:29,0
DA:32,0
DA:33,0
DA:34,0
DA:36,0
DA:38,0
DA:41,0
DA:42,0
DA:43,0
DA:45,0
DA:47,0
DA:52,0
DA:53,0
DA:54,0
DA:60,0
DA:61,0
DA:62,0
DA:63,0
DA:64,0
DA:67,0
DA:69,0
DA:71,0
DA:72,0
DA:73,0
DA:74,0
DA:76,0
DA:77,0
DA:82,0
DA:83,0
DA:84,0
DA:86,0
DA:87,0
DA:88,0
DA:89,0
DA:93,0
DA:95,0
DA:96,0
DA:102,0
DA:103,0
DA:104,0
DA:106,0
DA:107,0
DA:108,0
DA:109,0
DA:113,0
DA:116,0
DA:118,0
DA:119,0
DA:121,0
DA:128,0
DA:131,0
DA:132,0
DA:133,0
DA:135,0
DA:136,0
DA:137,0
DA:139,0
DA:143,0
DA:145,0
DA:150,0
DA:151,0
DA:152,0
DA:153,0
DA:157,0
DA:160,0
DA:162,0
DA:163,0
DA:165,0
DA:170,0
DA:173,0
DA:174,0
DA:175,0
DA:176,0
DA:178,0
DA:180,0
DA:183,0
DA:185,0
DA:186,0
DA:203,0
DA:204,0
LF:91
LH:0
end_of_record
